<?xml version="1.0" encoding="UTF-8"?>
<!-- Generated by org.testng.reporters.JUnitReportReporter -->
<testsuite hostname="DESKTOP-T5HHE3N" failures="0" tests="2" name="framefeatures.newtabfunctionality" time="59.868" errors="0" timestamp="2024-12-13T12:06:46 IST" skipped="0">
  <testcase classname="framefeatures.newtabfunctionality" name="newtabcode" time="8.762"/>
  <system-out/>
  <testcase classname="framefeatures.newtabfunctionality" name="newtab" time="51.106"/>
  <system-out/>
</testsuite> <!-- framefeatures.newtabfunctionality -->
