<?xml version="1.0" encoding="UTF-8"?>
<!-- Generated by org.testng.reporters.JUnitReportReporter -->
<testsuite hostname="DESKTOP-T5HHE3N" failures="0" tests="1" name="framefeatures.IframesAutomation" time="42.455" errors="0" timestamp="2024-12-13T11:17:02 IST" skipped="0">
  <testcase classname="framefeatures.IframesAutomation" name="framesapplication" time="42.455"/>
  <system-out/>
</testsuite> <!-- framefeatures.IframesAutomation -->
