<?xml version="1.0" encoding="UTF-8"?>
<!-- Generated by org.testng.reporters.JUnitReportReporter -->
<testsuite hostname="DESKTOP-T5HHE3N" failures="0" tests="6" name="testNG.TestNG_1_Alphabetical_Order" time="19.325" errors="0" timestamp="2024-12-12T10:43:24 IST" skipped="0">
  <testcase classname="testNG.TestNG_1_Alphabetical_Order" name="google" time="0.495"/>
  <system-out/>
  <testcase classname="testNG.TestNG_1_Alphabetical_Order" name="selenium" time="0.589"/>
  <system-out/>
  <testcase classname="testNG.TestNG_1_Alphabetical_Order" name="gmail" time="3.354"/>
  <system-out/>
  <testcase classname="testNG.TestNG_1_Alphabetical_Order" name="facebook" time="1.461"/>
  <system-out/>
  <testcase classname="testNG.TestNG_1_Alphabetical_Order" name="redmine" time="7.004"/>
  <system-out/>
  <testcase classname="testNG.TestNG_1_Alphabetical_Order" name="twitter" time="6.422"/>
  <system-out/>
</testsuite> <!-- testNG.TestNG_1_Alphabetical_Order -->
