<?xml version="1.0" encoding="UTF-8"?>
<!-- Generated by org.testng.reporters.JUnitReportReporter -->
<testsuite hostname="DESKTOP-T5HHE3N" failures="0" tests="1" name="screenshot.SelectedLocator" time="6.017" errors="0" timestamp="2024-12-16T19:47:34 IST" skipped="0">
  <testcase classname="screenshot.SelectedLocator" name="Takescreenshot" time="6.017"/>
  <system-out/>
</testsuite> <!-- screenshot.SelectedLocator -->
