<?xml version="1.0" encoding="UTF-8"?>
<!-- Generated by org.testng.reporters.JUnitReportReporter -->
<testsuite hostname="DESKTOP-T5HHE3N" failures="0" tests="3" name="testNG.TestNG_4_Timeout_feature" time="15.038" errors="0" timestamp="2024-12-12T10:50:53 IST" skipped="0">
  <testcase classname="testNG.TestNG_4_Timeout_feature" name="googleKeyboard" time="6.540"/>
  <system-out/>
  <testcase classname="testNG.TestNG_4_Timeout_feature" name="googleSelenium" time="4.246"/>
  <system-out/>
  <testcase classname="testNG.TestNG_4_Timeout_feature" name="googleTestNG" time="4.252"/>
  <system-out/>
</testsuite> <!-- testNG.TestNG_4_Timeout_feature -->
