<?xml version="1.0" encoding="UTF-8"?>
<!-- Generated by org.testng.reporters.JUnitReportReporter -->
<testsuite hostname="DESKTOP-T5HHE3N" failures="0" tests="1" name="screenshot.FullPageScreenshot" time="18.577" errors="0" timestamp="2024-12-16T21:19:44 IST" skipped="0">
  <testcase classname="screenshot.FullPageScreenshot" name="CompletePageScreenshot" time="18.577"/>
  <system-out/>
</testsuite> <!-- screenshot.FullPageScreenshot -->
