<?xml version="1.0" encoding="UTF-8"?>
<!-- Generated by org.testng.reporters.JUnitReportReporter -->
<testsuite hostname="DESKTOP-T5HHE3N" failures="0" tests="6" name="testNG.TestNG_2_priority_Order" time="20.649" errors="0" timestamp="2024-12-12T10:46:35 IST" skipped="0">
  <testcase classname="testNG.TestNG_2_priority_Order" name="selenium" time="0.558"/>
  <system-out/>
  <testcase classname="testNG.TestNG_2_priority_Order" name="google" time="0.482"/>
  <system-out/>
  <testcase classname="testNG.TestNG_2_priority_Order" name="facebook" time="1.312"/>
  <system-out/>
  <testcase classname="testNG.TestNG_2_priority_Order" name="redmine" time="7.083"/>
  <system-out/>
  <testcase classname="testNG.TestNG_2_priority_Order" name="twitter" time="5.682"/>
  <system-out/>
  <testcase classname="testNG.TestNG_2_priority_Order" name="gmail" time="5.532"/>
  <system-out/>
</testsuite> <!-- testNG.TestNG_2_priority_Order -->
