<?xml version="1.0" encoding="UTF-8"?>
<!-- Generated by org.testng.reporters.JUnitReportReporter -->
<testsuite hostname="DESKTOP-T5HHE3N" failures="0" tests="1" name="screenshot.BugScreenshot" time="28.043" errors="0" timestamp="2024-12-16T22:05:18 IST" skipped="0">
  <testcase classname="screenshot.BugScreenshot" name="redmine" time="28.043"/>
  <system-out/>
</testsuite> <!-- screenshot.BugScreenshot -->
