<?xml version="1.0" encoding="UTF-8"?>
<!-- Generated by org.testng.reporters.JUnitReportReporter -->
<testsuite hostname="DESKTOP-T5HHE3N" failures="0" tests="1" name="waitcommands.SeleniumWaitCommands" time="6.624" errors="0" timestamp="2024-12-15T21:48:47 IST" skipped="0">
  <testcase classname="waitcommands.SeleniumWaitCommands" name="waitcommands" time="6.624"/>
  <system-out/>
</testsuite> <!-- waitcommands.SeleniumWaitCommands -->
