<?xml version="1.0" encoding="UTF-8"?>
<!-- Generated by org.testng.reporters.JUnitReportReporter -->
<testsuite hostname="DESKTOP-T5HHE3N" failures="0" tests="1" name="log4jtutorial.Log4jDemo" time="4.707" errors="0" timestamp="2024-12-13T22:27:44 IST" skipped="0">
  <testcase classname="log4jtutorial.Log4jDemo" name="googlesearch" time="4.707"/>
  <system-out/>
</testsuite> <!-- log4jtutorial.Log4jDemo -->
