<?xml version="1.0" encoding="UTF-8"?>
<!-- Generated by org.testng.reporters.JUnitReportReporter -->
<testsuite hostname="DESKTOP-T5HHE3N" failures="0" tests="1" name="screenshot.TimeFormatScreenshot" time="11.957" errors="0" timestamp="2024-12-16T22:03:09 IST" skipped="0">
  <testcase classname="screenshot.TimeFormatScreenshot" name="google" time="11.957"/>
  <system-out/>
</testsuite> <!-- screenshot.TimeFormatScreenshot -->
