<?xml version="1.0" encoding="UTF-8"?>
<!-- Generated by org.testng.reporters.JUnitReportReporter -->
<testsuite hostname="DESKTOP-T5HHE3N" failures="0" tests="6" name="testNG.TestNG_3_skip_ignore_disable_Testscripts" time="3.674" errors="0" timestamp="2024-12-12T10:48:14 IST" skipped="4">
  <testcase classname="testNG.TestNG_3_skip_ignore_disable_Testscripts" name="google" time="2.362"/>
  <system-out/>
  <testcase classname="testNG.TestNG_3_skip_ignore_disable_Testscripts" name="facebook" time="1.312"/>
  <system-out/>
  <testcase classname="testNG.TestNG_3_skip_ignore_disable_Testscripts" name="selenium">
    <skipped/>
  </testcase> <!-- selenium -->
  <system-out/>
  <testcase classname="testNG.TestNG_3_skip_ignore_disable_Testscripts" name="gmail">
    <skipped/>
  </testcase> <!-- gmail -->
  <system-out/>
  <testcase classname="testNG.TestNG_3_skip_ignore_disable_Testscripts" name="redmine">
    <skipped/>
  </testcase> <!-- redmine -->
  <system-out/>
  <testcase classname="testNG.TestNG_3_skip_ignore_disable_Testscripts" name="twitter">
    <skipped/>
  </testcase> <!-- twitter -->
  <system-out/>
</testsuite> <!-- testNG.TestNG_3_skip_ignore_disable_Testscripts -->
