<?xml version="1.0" encoding="UTF-8"?>
<!-- Generated by org.testng.reporters.JUnitReportReporter -->
<testsuite hostname="DESKTOP-T5HHE3N" failures="0" tests="3" name="verifytabtitleurltext.VerifyTabUrlText" time="3.531" errors="0" timestamp="2024-12-14T21:08:34 IST" skipped="0">
  <testcase classname="verifytabtitleurltext.VerifyTabUrlText" name="tabtitle" time="1.892"/>
  <system-out/>
  <testcase classname="verifytabtitleurltext.VerifyTabUrlText" name="verifyapplicationURL" time="0.942"/>
  <system-out/>
  <testcase classname="verifytabtitleurltext.VerifyTabUrlText" name="verifyapplicationtext" time="0.697"/>
  <system-out/>
</testsuite> <!-- verifytabtitleurltext.VerifyTabUrlText -->
