<?xml version="1.0" encoding="UTF-8"?>
<!-- Generated by org.testng.reporters.JUnitReportReporter -->
<testsuite hostname="DESKTOP-T5HHE3N" failures="0" tests="2" name="testNG.TestNG_5_DependsOnMethods" time="6.893" errors="0" timestamp="2024-12-12T10:53:07 IST" skipped="0">
  <testcase classname="testNG.TestNG_5_DependsOnMethods" name="method2" time="0.525"/>
  <system-out/>
  <testcase classname="testNG.TestNG_5_DependsOnMethods" name="method1" time="6.368"/>
  <system-out/>
</testsuite> <!-- testNG.TestNG_5_DependsOnMethods -->
