<?xml version="1.0" encoding="UTF-8"?>
<!-- Generated by org.testng.reporters.JUnitReportReporter -->
<testsuite hostname="DESKTOP-T5HHE3N" failures="0" tests="1" name="dropdownwindowhandles.DropDownHandling" time="3.890" errors="0" timestamp="2024-12-14T18:15:38 IST" skipped="0">
  <testcase classname="dropdownwindowhandles.DropDownHandling" name="selectbyindexvaluevisibletext" time="3.890"/>
  <system-out/>
</testsuite> <!-- dropdownwindowhandles.DropDownHandling -->
