<?xml version="1.0" encoding="UTF-8"?>
<!-- Generated by org.testng.reporters.JUnitReportReporter -->
<testsuite hostname="DESKTOP-T5HHE3N" failures="0" tests="1" name="testNG.TestNG_0_Annotation_Execution_Order" time="0.006" errors="0" timestamp="2024-12-06T11:24:59 IST" skipped="0">
  <testcase classname="testNG.TestNG_0_Annotation_Execution_Order" name="f" time="0.006"/>
  <system-out/>
</testsuite> <!-- testNG.TestNG_0_Annotation_Execution_Order -->
